<?xml version="1.0" encoding="UTF-8"?>
<!-- Generated by org.testng.reporters.JUnitXMLReporter -->
<testsuite ignored="0" hostname="ACSIPL-54" failures="0" tests="5" name="Test" time="157.067" errors="0" timestamp="2023-06-12T11:23:25 IST">
  <testcase classname="com.cps.genericUtility.BaseClass" name="@AfterMethod logoutFromAppln" time="1.11">
    <failure type="org.openqa.selenium.ElementClickInterceptedException" message="element click intercepted: Element &amp;lt;li _ngcontent-wnt-c110=&amp;quot;&amp;quot; class=&amp;quot;nav-item dropdown no-arrow&amp;quot;&amp;gt;...&amp;lt;/li&amp;gt; is not clickable at point (1257, 33). Other element would receive the click: &amp;lt;div role=&amp;quot;alertdialog&amp;quot; aria-live=&amp;quot;polite&amp;quot; class=&amp;quot;ng-tns-c17-2 toast-message ng-star-inserted&amp;quot; aria-label=&amp;quot;User Added Successfully&amp;quot; style=&amp;quot;&amp;quot;&amp;gt;...&amp;lt;/div&amp;gt;
  (Session info: chrome=114.0.5735.110)
Build info: version: &amp;apos;4.7.1&amp;apos;, revision: &amp;apos;c6795baf1a3&amp;apos;
System info: os.name: &amp;apos;Windows 10&amp;apos;, os.arch: &amp;apos;amd64&amp;apos;, os.version: &amp;apos;10.0&amp;apos;, java.version: &amp;apos;17.0.5&amp;apos;
Driver info: org.openqa.selenium.chrome.ChromeDriver
Command: [4b42fd7e3413e40e8439d653ab01c93a, clickElement {id=BCDCC214FE825D1B8F74D8BB1F4D1C65_element_65}]
Capabilities {acceptInsecureCerts: false, browserName: chrome, browserVersion: 114.0.5735.110, chrome: {chromedriverVersion: 114.0.5735.90 (386bc09e8f4f..., userDataDir: C:\Users\RANADH~1\AppData\L...}, goog:chromeOptions: {debuggerAddress: localhost:52044}, networkConnectionEnabled: false, pageLoadStrategy: normal, platformName: WINDOWS, proxy: Proxy(), se:cdp: ws://localhost:52044/devtoo..., se:cdpVersion: 114.0.5735.110, setWindowRect: true, strictFileInteractability: false, timeouts: {implicit: 0, pageLoad: 300000, script: 30000}, unhandledPromptBehavior: dismiss and notify, webauthn:extension:credBlob: true, webauthn:extension:largeBlob: true, webauthn:extension:minPinLength: true, webauthn:extension:prf: true, webauthn:virtualAuthenticators: true}
Element: [[ChromeDriver: chrome on WINDOWS (4b42fd7e3413e40e8439d653ab01c93a)] -&amp;gt; xpath: //i[@class=&amp;apos;fas fa-user-circle fa-2x m-2 userIcon&amp;apos;]/../..]
Session ID: 4b42fd7e3413e40e8439d653ab01c93a">
      <![CDATA[org.openqa.selenium.ElementClickInterceptedException: element click intercepted: Element <li _ngcontent-wnt-c110="" class="nav-item dropdown no-arrow">...</li> is not clickable at point (1257, 33). Other element would receive the click: <div role="alertdialog" aria-live="polite" class="ng-tns-c17-2 toast-message ng-star-inserted" aria-label="User Added Successfully" style="">...</div>
  (Session info: chrome=114.0.5735.110)
Build info: version: '4.7.1', revision: 'c6795baf1a3'
System info: os.name: 'Windows 10', os.arch: 'amd64', os.version: '10.0', java.version: '17.0.5'
Driver info: org.openqa.selenium.chrome.ChromeDriver
Command: [4b42fd7e3413e40e8439d653ab01c93a, clickElement {id=BCDCC214FE825D1B8F74D8BB1F4D1C65_element_65}]
Capabilities {acceptInsecureCerts: false, browserName: chrome, browserVersion: 114.0.5735.110, chrome: {chromedriverVersion: 114.0.5735.90 (386bc09e8f4f..., userDataDir: C:\Users\RANADH~1\AppData\L...}, goog:chromeOptions: {debuggerAddress: localhost:52044}, networkConnectionEnabled: false, pageLoadStrategy: normal, platformName: WINDOWS, proxy: Proxy(), se:cdp: ws://localhost:52044/devtoo..., se:cdpVersion: 114.0.5735.110, setWindowRect: true, strictFileInteractability: false, timeouts: {implicit: 0, pageLoad: 300000, script: 30000}, unhandledPromptBehavior: dismiss and notify, webauthn:extension:credBlob: true, webauthn:extension:largeBlob: true, webauthn:extension:minPinLength: true, webauthn:extension:prf: true, webauthn:virtualAuthenticators: true}
Element: [[ChromeDriver: chrome on WINDOWS (4b42fd7e3413e40e8439d653ab01c93a)] -> xpath: //i[@class='fas fa-user-circle fa-2x m-2 userIcon']/../..]
Session ID: 4b42fd7e3413e40e8439d653ab01c93a
at org.openqa.selenium.remote.codec.w3c.W3CHttpResponseCodec.createException(W3CHttpResponseCodec.java:200)
at org.openqa.selenium.remote.codec.w3c.W3CHttpResponseCodec.decode(W3CHttpResponseCodec.java:133)
at org.openqa.selenium.remote.codec.w3c.W3CHttpResponseCodec.decode(W3CHttpResponseCodec.java:53)
at org.openqa.selenium.remote.HttpCommandExecutor.execute(HttpCommandExecutor.java:184)
at org.openqa.selenium.remote.service.DriverCommandExecutor.invokeExecute(DriverCommandExecutor.java:167)
at org.openqa.selenium.remote.service.DriverCommandExecutor.execute(DriverCommandExecutor.java:142)
at org.openqa.selenium.remote.RemoteWebDriver.execute(RemoteWebDriver.java:551)
at org.openqa.selenium.remote.RemoteWebElement.execute(RemoteWebElement.java:257)
at org.openqa.selenium.remote.RemoteWebElement.click(RemoteWebElement.java:78)
at org.openqa.selenium.support.pagefactory.internal.LocatingElementHandler.invoke(LocatingElementHandler.java:52)
at jdk.proxy2/jdk.proxy2.$Proxy18.click(Unknown Source)
at com.cps.genericUtility.BaseClass.logoutFromAppln(BaseClass.java:114)
at java.base/java.util.ArrayList.forEach(ArrayList.java:1511)
... Removed 40 stack frames]]>
    </failure>
  </testcase> <!-- @AfterMethod logoutFromAppln -->
  <testcase classname="com.cps.genericUtility.BaseClass" name="@AfterClass closeTheBrowser" time="-1.686549124604E9">
    <skipped/>
  </testcase> <!-- @AfterClass closeTheBrowser -->
  <testcase classname="com.cmd.Rana.Add_Note" name="addNote" time="20.745"/>
  <testcase classname="com.cmd.Rana.ExpirationWeekly" name="weeklyExpiration" time="19.582"/>
  <testcase classname="com.cmd.Rana.Add_user" name="addUser" time="16.414"/>
  <testcase classname="com.cmd.Rana.Payer_Setting" name="payerSetting" time="43.542"/>
  <testcase classname="com.cmd.Rana.Expirations_mailSendnotify" name="sendMail" time="24.703"/>
</testsuite> <!-- Test -->
